\BOOKMARK [0][-]{chapter.1}{\376\377\0001\000\040\000D\000a\000t\000a\000\040\000S\000t\000r\000u\000c\000t\000u\000r\000e\000\040\000I\000n\000d\000e\000x}{}% 1
\BOOKMARK [1][-]{section.1.1}{\376\377\0001\000.\0001\000\040\000D\000a\000t\000a\000\040\000S\000t\000r\000u\000c\000t\000u\000r\000e\000s}{chapter.1}% 2
\BOOKMARK [0][-]{chapter.2}{\376\377\0002\000\040\000F\000i\000l\000e\000\040\000I\000n\000d\000e\000x}{}% 3
\BOOKMARK [1][-]{section.2.1}{\376\377\0002\000.\0001\000\040\000F\000i\000l\000e\000\040\000L\000i\000s\000t}{chapter.2}% 4
\BOOKMARK [0][-]{chapter.3}{\376\377\0003\000\040\000D\000a\000t\000a\000\040\000S\000t\000r\000u\000c\000t\000u\000r\000e\000\040\000D\000o\000c\000u\000m\000e\000n\000t\000a\000t\000i\000o\000n}{}% 5
\BOOKMARK [1][-]{section.3.1}{\376\377\0003\000.\0001\000\040\000c\000o\000m\000m\000a\000n\000d\000\137\000l\000i\000n\000e\000\040\000S\000t\000r\000u\000c\000t\000\040\000R\000e\000f\000e\000r\000e\000n\000c\000e}{chapter.3}% 6
\BOOKMARK [2][-]{subsection.3.1.1}{\376\377\0003\000.\0001\000.\0001\000\040\000D\000e\000t\000a\000i\000l\000e\000d\000\040\000D\000e\000s\000c\000r\000i\000p\000t\000i\000o\000n}{section.3.1}% 7
\BOOKMARK [2][-]{subsection.3.1.2}{\376\377\0003\000.\0001\000.\0002\000\040\000F\000i\000e\000l\000d\000\040\000D\000o\000c\000u\000m\000e\000n\000t\000a\000t\000i\000o\000n}{section.3.1}% 8
\BOOKMARK [3][-]{subsubsection.3.1.2.1}{\376\377\0003\000.\0001\000.\0002\000.\0001\000\040\000c\000m\000d\000\137\000f\000n\000c}{subsection.3.1.2}% 9
\BOOKMARK [3][-]{subsubsection.3.1.2.2}{\376\377\0003\000.\0001\000.\0002\000.\0002\000\040\000h\000e\000l\000p}{subsection.3.1.2}% 10
\BOOKMARK [3][-]{subsubsection.3.1.2.3}{\376\377\0003\000.\0001\000.\0002\000.\0003\000\040\000n\000a\000m\000e}{subsection.3.1.2}% 11
\BOOKMARK [1][-]{section.3.2}{\376\377\0003\000.\0002\000\040\000d\000i\000n\000\137\000c\000f\000g\000\040\000S\000t\000r\000u\000c\000t\000\040\000R\000e\000f\000e\000r\000e\000n\000c\000e}{chapter.3}% 12
\BOOKMARK [2][-]{subsection.3.2.1}{\376\377\0003\000.\0002\000.\0001\000\040\000D\000e\000t\000a\000i\000l\000e\000d\000\040\000D\000e\000s\000c\000r\000i\000p\000t\000i\000o\000n}{section.3.2}% 13
\BOOKMARK [2][-]{subsection.3.2.2}{\376\377\0003\000.\0002\000.\0002\000\040\000F\000i\000e\000l\000d\000\040\000D\000o\000c\000u\000m\000e\000n\000t\000a\000t\000i\000o\000n}{section.3.2}% 14
\BOOKMARK [3][-]{subsubsection.3.2.2.1}{\376\377\0003\000.\0002\000.\0002\000.\0001\000\040\000c\000h\000a\000n}{subsection.3.2.2}% 15
\BOOKMARK [3][-]{subsubsection.3.2.2.2}{\376\377\0003\000.\0002\000.\0002\000.\0002\000\040\000f\000a\000l\000l\000i\000n\000g\000\137\000e\000d\000g\000e}{subsection.3.2.2}% 16
\BOOKMARK [3][-]{subsubsection.3.2.2.3}{\376\377\0003\000.\0002\000.\0002\000.\0003\000\040\000i\000n\000t\000e\000r\000r\000u\000p\000t\000\137\000e\000n\000a\000b\000l\000e}{subsection.3.2.2}% 17
\BOOKMARK [1][-]{section.3.3}{\376\377\0003\000.\0003\000\040\000e\000c\000\137\000h\000u\000m\000a\000n\000\137\000r\000e\000a\000d\000a\000b\000l\000e\000\040\000S\000t\000r\000u\000c\000t\000\040\000R\000e\000f\000e\000r\000e\000n\000c\000e}{chapter.3}% 18
\BOOKMARK [2][-]{subsection.3.3.1}{\376\377\0003\000.\0003\000.\0001\000\040\000D\000e\000t\000a\000i\000l\000e\000d\000\040\000D\000e\000s\000c\000r\000i\000p\000t\000i\000o\000n}{section.3.3}% 19
\BOOKMARK [2][-]{subsection.3.3.2}{\376\377\0003\000.\0003\000.\0002\000\040\000F\000i\000e\000l\000d\000\040\000D\000o\000c\000u\000m\000e\000n\000t\000a\000t\000i\000o\000n}{section.3.3}% 20
\BOOKMARK [3][-]{subsubsection.3.3.2.1}{\376\377\0003\000.\0003\000.\0002\000.\0001\000\040\000e\000r\000r\000o\000r\000\137\000c\000o\000d\000e}{subsection.3.3.2}% 21
\BOOKMARK [3][-]{subsubsection.3.3.2.2}{\376\377\0003\000.\0003\000.\0002\000.\0002\000\040\000m\000e\000s\000s\000a\000g\000e}{subsection.3.3.2}% 22
\BOOKMARK [1][-]{section.3.4}{\376\377\0003\000.\0004\000\040\000i\000d\000i\000\137\000d\000a\000t\000a\000s\000e\000t\000\040\000S\000t\000r\000u\000c\000t\000\040\000R\000e\000f\000e\000r\000e\000n\000c\000e}{chapter.3}% 23
\BOOKMARK [2][-]{subsection.3.4.1}{\376\377\0003\000.\0004\000.\0001\000\040\000D\000e\000t\000a\000i\000l\000e\000d\000\040\000D\000e\000s\000c\000r\000i\000p\000t\000i\000o\000n}{section.3.4}% 24
\BOOKMARK [2][-]{subsection.3.4.2}{\376\377\0003\000.\0004\000.\0002\000\040\000F\000i\000e\000l\000d\000\040\000D\000o\000c\000u\000m\000e\000n\000t\000a\000t\000i\000o\000n}{section.3.4}% 25
\BOOKMARK [3][-]{subsubsection.3.4.2.1}{\376\377\0003\000.\0004\000.\0002\000.\0001\000\040\000b\000a\000n\000k\000\137\000p\000r\000e\000v\000i\000o\000u\000s}{subsection.3.4.2}% 26
\BOOKMARK [3][-]{subsubsection.3.4.2.2}{\376\377\0003\000.\0004\000.\0002\000.\0002\000\040\000b\000a\000s\000e\000\137\000a\000d\000d\000r\000e\000s\000s}{subsection.3.4.2}% 27
\BOOKMARK [3][-]{subsubsection.3.4.2.3}{\376\377\0003\000.\0004\000.\0002\000.\0003\000\040\000d\000i\000n\000\137\000c\000f\000g}{subsection.3.4.2}% 28
\BOOKMARK [3][-]{subsubsection.3.4.2.4}{\376\377\0003\000.\0004\000.\0002\000.\0004\000\040\000f\000r\000a\000m\000\137\000b\000l\000o\000c\000k}{subsection.3.4.2}% 29
\BOOKMARK [3][-]{subsubsection.3.4.2.5}{\376\377\0003\000.\0004\000.\0002\000.\0005\000\040\000i\000o\000\137\000r\000e\000p\000o\000r\000t}{subsection.3.4.2}% 30
\BOOKMARK [3][-]{subsubsection.3.4.2.6}{\376\377\0003\000.\0004\000.\0002\000.\0006\000\040\000i\000o\000\137\000s\000i\000m\000u\000l\000a\000t\000e}{subsection.3.4.2}% 31
\BOOKMARK [3][-]{subsubsection.3.4.2.7}{\376\377\0003\000.\0004\000.\0002\000.\0007\000\040\000m\000e\000s\000s\000a\000g\000e}{subsection.3.4.2}% 32
\BOOKMARK [3][-]{subsubsection.3.4.2.8}{\376\377\0003\000.\0004\000.\0002\000.\0008\000\040\000s\000p\000i\000\137\000b\000l\000o\000c\000k}{subsection.3.4.2}% 33
\BOOKMARK [3][-]{subsubsection.3.4.2.9}{\376\377\0003\000.\0004\000.\0002\000.\0009\000\040\000s\000p\000i\000\137\000c\000f\000g}{subsection.3.4.2}% 34
\BOOKMARK [3][-]{subsubsection.3.4.2.10}{\376\377\0003\000.\0004\000.\0002\000.\0001\0000\000\040\000s\000p\000i\000\137\000i\000d}{subsection.3.4.2}% 35
\BOOKMARK [3][-]{subsubsection.3.4.2.11}{\376\377\0003\000.\0004\000.\0002\000.\0001\0001\000\040\000s\000v\000n\000\137\000r\000e\000v\000i\000s\000i\000o\000n\000\137\000s\000t\000r\000i\000n\000g}{subsection.3.4.2}% 36
\BOOKMARK [1][-]{section.3.5}{\376\377\0003\000.\0005\000\040\000r\000e\000g\000\137\000d\000e\000f\000i\000n\000i\000t\000i\000o\000n\000\040\000S\000t\000r\000u\000c\000t\000\040\000R\000e\000f\000e\000r\000e\000n\000c\000e}{chapter.3}% 37
\BOOKMARK [2][-]{subsection.3.5.1}{\376\377\0003\000.\0005\000.\0001\000\040\000D\000e\000t\000a\000i\000l\000e\000d\000\040\000D\000e\000s\000c\000r\000i\000p\000t\000i\000o\000n}{section.3.5}% 38
\BOOKMARK [2][-]{subsection.3.5.2}{\376\377\0003\000.\0005\000.\0002\000\040\000F\000i\000e\000l\000d\000\040\000D\000o\000c\000u\000m\000e\000n\000t\000a\000t\000i\000o\000n}{section.3.5}% 39
\BOOKMARK [3][-]{subsubsection.3.5.2.1}{\376\377\0003\000.\0005\000.\0002\000.\0001\000\040\000a\000c\000r\000o\000n\000y\000m}{subsection.3.5.2}% 40
\BOOKMARK [3][-]{subsubsection.3.5.2.2}{\376\377\0003\000.\0005\000.\0002\000.\0002\000\040\000b\000a\000n\000k}{subsection.3.5.2}% 41
\BOOKMARK [3][-]{subsubsection.3.5.2.3}{\376\377\0003\000.\0005\000.\0002\000.\0003\000\040\000d\000i\000r\000e\000c\000t\000i\000o\000n}{subsection.3.5.2}% 42
\BOOKMARK [3][-]{subsubsection.3.5.2.4}{\376\377\0003\000.\0005\000.\0002\000.\0004\000\040\000p\000h\000y\000s\000i\000c\000a\000l\000\137\000o\000f\000f\000s\000e\000t}{subsection.3.5.2}% 43
\BOOKMARK [3][-]{subsubsection.3.5.2.5}{\376\377\0003\000.\0005\000.\0002\000.\0005\000\040\000s\000y\000m\000b\000o\000l}{subsection.3.5.2}% 44
\BOOKMARK [3][-]{subsubsection.3.5.2.6}{\376\377\0003\000.\0005\000.\0002\000.\0006\000\040\000s\000y\000m\000b\000o\000l\000\137\000n\000a\000m\000e}{subsection.3.5.2}% 45
\BOOKMARK [1][-]{section.3.6}{\376\377\0003\000.\0006\000\040\000s\000p\000i\000\137\000c\000f\000g\000\040\000S\000t\000r\000u\000c\000t\000\040\000R\000e\000f\000e\000r\000e\000n\000c\000e}{chapter.3}% 46
\BOOKMARK [2][-]{subsection.3.6.1}{\376\377\0003\000.\0006\000.\0001\000\040\000D\000e\000t\000a\000i\000l\000e\000d\000\040\000D\000e\000s\000c\000r\000i\000p\000t\000i\000o\000n}{section.3.6}% 47
\BOOKMARK [2][-]{subsection.3.6.2}{\376\377\0003\000.\0006\000.\0002\000\040\000F\000i\000e\000l\000d\000\040\000D\000o\000c\000u\000m\000e\000n\000t\000a\000t\000i\000o\000n}{section.3.6}% 48
\BOOKMARK [3][-]{subsubsection.3.6.2.1}{\376\377\0003\000.\0006\000.\0002\000.\0001\000\040\000c\000h\000i\000p\000\137\000s\000e\000l\000e\000c\000t\000\137\000b\000e\000h\000a\000v\000i\000o\000r}{subsection.3.6.2}% 49
\BOOKMARK [3][-]{subsubsection.3.6.2.2}{\376\377\0003\000.\0006\000.\0002\000.\0002\000\040\000c\000l\000o\000c\000k\000\137\000h\000z}{subsection.3.6.2}% 50
\BOOKMARK [3][-]{subsubsection.3.6.2.3}{\376\377\0003\000.\0006\000.\0002\000.\0003\000\040\000e\000n\000d\000\137\000c\000y\000c\000l\000e\000\137\000d\000e\000l\000a\000y}{subsection.3.6.2}% 51
\BOOKMARK [3][-]{subsubsection.3.6.2.4}{\376\377\0003\000.\0006\000.\0002\000.\0004\000\040\000e\000n\000d\000\137\000d\000e\000l\000a\000y\000\137\000n\000s}{subsection.3.6.2}% 52
\BOOKMARK [3][-]{subsubsection.3.6.2.5}{\376\377\0003\000.\0006\000.\0002\000.\0005\000\040\000h\000a\000l\000f\000\137\000c\000l\000o\000c\000k\000\137\000i\000n\000t\000e\000r\000v\000a\000l}{subsection.3.6.2}% 53
\BOOKMARK [3][-]{subsubsection.3.6.2.6}{\376\377\0003\000.\0006\000.\0002\000.\0006\000\040\000s\000c\000l\000k\000\137\000p\000h\000a\000s\000e}{subsection.3.6.2}% 54
\BOOKMARK [3][-]{subsubsection.3.6.2.7}{\376\377\0003\000.\0006\000.\0002\000.\0007\000\040\000s\000c\000l\000k\000\137\000p\000o\000l\000a\000r\000i\000t\000y}{subsection.3.6.2}% 55
\BOOKMARK [3][-]{subsubsection.3.6.2.8}{\376\377\0003\000.\0006\000.\0002\000.\0008\000\040\000s\000d\000i\000\137\000p\000o\000l\000a\000r\000i\000t\000y}{subsection.3.6.2}% 56
\BOOKMARK [3][-]{subsubsection.3.6.2.9}{\376\377\0003\000.\0006\000.\0002\000.\0009\000\040\000s\000d\000i\000o\000\137\000w\000r\000a\000p}{subsection.3.6.2}% 57
\BOOKMARK [3][-]{subsubsection.3.6.2.10}{\376\377\0003\000.\0006\000.\0002\000.\0001\0000\000\040\000s\000d\000o\000\137\000p\000o\000l\000a\000r\000i\000t\000y}{subsection.3.6.2}% 58
\BOOKMARK [1][-]{section.3.7}{\376\377\0003\000.\0007\000\040\000s\000p\000i\000\137\000s\000t\000a\000t\000u\000s\000\040\000S\000t\000r\000u\000c\000t\000\040\000R\000e\000f\000e\000r\000e\000n\000c\000e}{chapter.3}% 59
\BOOKMARK [2][-]{subsection.3.7.1}{\376\377\0003\000.\0007\000.\0001\000\040\000D\000e\000t\000a\000i\000l\000e\000d\000\040\000D\000e\000s\000c\000r\000i\000p\000t\000i\000o\000n}{section.3.7}% 60
\BOOKMARK [2][-]{subsection.3.7.2}{\376\377\0003\000.\0007\000.\0002\000\040\000F\000i\000e\000l\000d\000\040\000D\000o\000c\000u\000m\000e\000n\000t\000a\000t\000i\000o\000n}{section.3.7}% 61
\BOOKMARK [3][-]{subsubsection.3.7.2.1}{\376\377\0003\000.\0007\000.\0002\000.\0001\000\040\000e\000m\000p\000t\000y}{subsection.3.7.2}% 62
\BOOKMARK [3][-]{subsubsection.3.7.2.2}{\376\377\0003\000.\0007\000.\0002\000.\0002\000\040\000f\000i\000f\000o\000\137\000c\000o\000u\000n\000t}{subsection.3.7.2}% 63
\BOOKMARK [3][-]{subsubsection.3.7.2.3}{\376\377\0003\000.\0007\000.\0002\000.\0003\000\040\000f\000i\000f\000o\000\137\000s\000i\000z\000e}{subsection.3.7.2}% 64
\BOOKMARK [3][-]{subsubsection.3.7.2.4}{\376\377\0003\000.\0007\000.\0002\000.\0004\000\040\000f\000u\000l\000l}{subsection.3.7.2}% 65
\BOOKMARK [3][-]{subsubsection.3.7.2.5}{\376\377\0003\000.\0007\000.\0002\000.\0005\000\040\000t\000x\000\137\000s\000t\000a\000t\000u\000s}{subsection.3.7.2}% 66
\BOOKMARK [0][-]{chapter.4}{\376\377\0004\000\040\000F\000i\000l\000e\000\040\000D\000o\000c\000u\000m\000e\000n\000t\000a\000t\000i\000o\000n}{}% 67
\BOOKMARK [1][-]{section.4.1}{\376\377\0004\000.\0001\000\040\000s\000r\000c\000/\000i\000d\000i\000.\000c\000\040\000F\000i\000l\000e\000\040\000R\000e\000f\000e\000r\000e\000n\000c\000e}{chapter.4}% 68
\BOOKMARK [2][-]{subsection.4.1.1}{\376\377\0004\000.\0001\000.\0001\000\040\000M\000a\000c\000r\000o\000\040\000D\000e\000f\000i\000n\000i\000t\000i\000o\000n\000\040\000D\000o\000c\000u\000m\000e\000n\000t\000a\000t\000i\000o\000n}{section.4.1}% 69
\BOOKMARK [3][-]{subsubsection.4.1.1.1}{\376\377\0004\000.\0001\000.\0001\000.\0001\000\040\000C\000L\000O\000C\000K\000\137\000P\000E\000R\000I\000O\000D\000\137\000S\000E\000C}{subsection.4.1.1}% 70
\BOOKMARK [3][-]{subsubsection.4.1.1.2}{\376\377\0004\000.\0001\000.\0001\000.\0002\000\040\000E\000C\000\137\000E\000X\000T\000R\000A\000C\000T\000\137\000E\000N\000U\000M}{subsection.4.1.1}% 71
\BOOKMARK [3][-]{subsubsection.4.1.1.3}{\376\377\0004\000.\0001\000.\0001\000.\0003\000\040\000E\000C\000\137\000E\000X\000T\000R\000A\000C\000T\000\137\000H\000U\000M\000A\000N\000\137\000R\000E\000A\000D\000A\000B\000L\000E}{subsection.4.1.1}% 72
\BOOKMARK [3][-]{subsubsection.4.1.1.4}{\376\377\0004\000.\0001\000.\0001\000.\0004\000\040\000E\000C\000\137\000H\000U\000M\000A\000N\000\137\000R\000E\000A\000D\000A\000B\000L\000E\000\137\000T\000E\000R\000M\000I\000N\000A\000T\000E}{subsection.4.1.1}% 73
\BOOKMARK [3][-]{subsubsection.4.1.1.5}{\376\377\0004\000.\0001\000.\0001\000.\0005\000\040\000f\000a\000l\000s\000e}{subsection.4.1.1}% 74
\BOOKMARK [3][-]{subsubsection.4.1.1.6}{\376\377\0004\000.\0001\000.\0001\000.\0006\000\040\000F\000R\000A\000M\000\137\000B\000L\000O\000C\000K\000\137\000S\000I\000Z\000E}{subsection.4.1.1}% 75
\BOOKMARK [3][-]{subsubsection.4.1.1.7}{\376\377\0004\000.\0001\000.\0001\000.\0007\000\040\000I\000D\000\137\000A\000L\000W\000A\000Y\000S\000\137\000R\000E\000P\000O\000R\000T\000\137\000A\000S\000\137\000G\000O\000O\000D}{subsection.4.1.1}% 76
\BOOKMARK [3][-]{subsubsection.4.1.1.8}{\376\377\0004\000.\0001\000.\0001\000.\0008\000\040\000I\000D\000I\000\137\000D\000I\000N\000\137\000G\000R\000O\000U\000P\000\137\000Q\000T\000Y}{subsection.4.1.1}% 77
\BOOKMARK [3][-]{subsubsection.4.1.1.9}{\376\377\0004\000.\0001\000.\0001\000.\0009\000\040\000I\000D\000I\000\137\000D\000I\000N\000\137\000G\000R\000O\000U\000P\000\137\000S\000I\000Z\000E}{subsection.4.1.1}% 78
\BOOKMARK [3][-]{subsubsection.4.1.1.10}{\376\377\0004\000.\0001\000.\0001\000.\0001\0000\000\040\000I\000D\000I\000\137\000D\000I\000N\000\137\000Q\000T\000Y}{subsection.4.1.1}% 79
\BOOKMARK [3][-]{subsubsection.4.1.1.11}{\376\377\0004\000.\0001\000.\0001\000.\0001\0001\000\040\000I\000D\000I\000\137\000D\000I\000N\000\137\000S\000H\000I\000F\000T\000\137\000R\000I\000G\000H\000T}{subsection.4.1.1}% 80
\BOOKMARK [3][-]{subsubsection.4.1.1.12}{\376\377\0004\000.\0001\000.\0001\000.\0001\0002\000\040\000I\000D\000I\000\137\000E\000R\000R\000O\000R\000\137\000C\000O\000D\000E\000S}{subsection.4.1.1}% 81
\BOOKMARK [3][-]{subsubsection.4.1.1.13}{\376\377\0004\000.\0001\000.\0001\000.\0001\0003\000\040\000I\000D\000I\000\137\000I\000O\000\137\000D\000I\000R\000E\000C\000T\000I\000O\000N\000\137\000T\000E\000S\000T}{subsection.4.1.1}% 82
\BOOKMARK [3][-]{subsubsection.4.1.1.14}{\376\377\0004\000.\0001\000.\0001\000.\0001\0004\000\040\000I\000D\000I\000\137\000M\000E\000S\000S\000A\000G\000E\000\137\000S\000I\000Z\000E}{subsection.4.1.1}% 83
\BOOKMARK [3][-]{subsubsection.4.1.1.15}{\376\377\0004\000.\0001\000.\0001\000.\0001\0005\000\040\000I\000D\000I\000\137\000R\000E\000G\000I\000S\000T\000E\000R\000\137\000S\000E\000T\000\137\000D\000E\000F\000I\000N\000I\000T\000I\000O\000N}{subsection.4.1.1}% 84
\BOOKMARK [3][-]{subsubsection.4.1.1.16}{\376\377\0004\000.\0001\000.\0001\000.\0001\0006\000\040\000I\000D\000I\000\137\000R\000E\000V}{subsection.4.1.1}% 85
\BOOKMARK [3][-]{subsubsection.4.1.1.17}{\376\377\0004\000.\0001\000.\0001\000.\0001\0007\000\040\000R\000E\000G\000\137\000B\000A\000N\000K\000\137\000S\000E\000T}{subsection.4.1.1}% 86
\BOOKMARK [3][-]{subsubsection.4.1.1.18}{\376\377\0004\000.\0001\000.\0001\000.\0001\0008\000\040\000R\000E\000G\000\137\000E\000X\000T\000R\000A\000C\000T\000\137\000D\000E\000F\000I\000N\000I\000T\000I\000O\000N}{subsection.4.1.1}% 87
\BOOKMARK [3][-]{subsubsection.4.1.1.19}{\376\377\0004\000.\0001\000.\0001\000.\0001\0009\000\040\000R\000E\000G\000\137\000E\000X\000T\000R\000A\000C\000T\000\137\000E\000N\000U\000M}{subsection.4.1.1}% 88
\BOOKMARK [3][-]{subsubsection.4.1.1.20}{\376\377\0004\000.\0001\000.\0001\000.\0002\0000\000\040\000R\000E\000G\000\137\000L\000O\000C\000A\000T\000I\000O\000N\000\137\000B\000A\000N\000K\000\137\000G\000E\000T}{subsection.4.1.1}% 89
\BOOKMARK [3][-]{subsubsection.4.1.1.21}{\376\377\0004\000.\0001\000.\0001\000.\0002\0001\000\040\000R\000E\000G\000\137\000L\000O\000C\000A\000T\000I\000O\000N\000\137\000O\000F\000F\000S\000E\000T\000\137\000G\000E\000T}{subsection.4.1.1}% 90
\BOOKMARK [3][-]{subsubsection.4.1.1.22}{\376\377\0004\000.\0001\000.\0001\000.\0002\0002\000\040\000R\000E\000G\000\137\000O\000F\000F\000S\000E\000T\000\137\000S\000E\000T}{subsection.4.1.1}% 91
\BOOKMARK [3][-]{subsubsection.4.1.1.23}{\376\377\0004\000.\0001\000.\0001\000.\0002\0003\000\040\000S\000P\000I\000\137\000B\000L\000O\000C\000K\000\137\000S\000I\000Z\000E}{subsection.4.1.1}% 92
\BOOKMARK [3][-]{subsubsection.4.1.1.24}{\376\377\0004\000.\0001\000.\0001\000.\0002\0004\000\040\000s\000t\000r\000c\000m\000p\000i}{subsection.4.1.1}% 93
\BOOKMARK [3][-]{subsubsection.4.1.1.25}{\376\377\0004\000.\0001\000.\0001\000.\0002\0005\000\040\000t\000r\000u\000e}{subsection.4.1.1}% 94
\BOOKMARK [2][-]{subsection.4.1.2}{\376\377\0004\000.\0001\000.\0002\000\040\000T\000y\000p\000e\000d\000e\000f\000\040\000D\000o\000c\000u\000m\000e\000n\000t\000a\000t\000i\000o\000n}{section.4.1}% 95
\BOOKMARK [3][-]{subsubsection.4.1.2.1}{\376\377\0004\000.\0001\000.\0002\000.\0001\000\040\000B\000O\000O\000L}{subsection.4.1.2}% 96
\BOOKMARK [2][-]{subsection.4.1.3}{\376\377\0004\000.\0001\000.\0003\000\040\000E\000n\000u\000m\000e\000r\000a\000t\000i\000o\000n\000\040\000T\000y\000p\000e\000\040\000D\000o\000c\000u\000m\000e\000n\000t\000a\000t\000i\000o\000n}{section.4.1}% 97
\BOOKMARK [3][-]{subsubsection.4.1.3.1}{\376\377\0004\000.\0001\000.\0003\000.\0001\000\040\000a\000n\000o\000n\000y\000m\000o\000u\000s\000\040\000e\000n\000u\000m}{subsection.4.1.3}% 98
\BOOKMARK [3][-]{subsubsection.4.1.3.2}{\376\377\0004\000.\0001\000.\0003\000.\0002\000\040\000a\000n\000o\000n\000y\000m\000o\000u\000s\000\040\000e\000n\000u\000m}{subsection.4.1.3}% 99
\BOOKMARK [3][-]{subsubsection.4.1.3.3}{\376\377\0004\000.\0001\000.\0003\000.\0003\000\040\000a\000n\000o\000n\000y\000m\000o\000u\000s\000\040\000e\000n\000u\000m}{subsection.4.1.3}% 100
\BOOKMARK [3][-]{subsubsection.4.1.3.4}{\376\377\0004\000.\0001\000.\0003\000.\0004\000\040\000a\000n\000o\000n\000y\000m\000o\000u\000s\000\040\000e\000n\000u\000m}{subsection.4.1.3}% 101
\BOOKMARK [3][-]{subsubsection.4.1.3.5}{\376\377\0004\000.\0001\000.\0003\000.\0005\000\040\000a\000n\000o\000n\000y\000m\000o\000u\000s\000\040\000e\000n\000u\000m}{subsection.4.1.3}% 102
\BOOKMARK [3][-]{subsubsection.4.1.3.6}{\376\377\0004\000.\0001\000.\0003\000.\0006\000\040\000E\000C\000\137\000E\000N\000U\000M}{subsection.4.1.3}% 103
\BOOKMARK [3][-]{subsubsection.4.1.3.7}{\376\377\0004\000.\0001\000.\0003\000.\0007\000\040\000I\000D\000I\000\137\000B\000A\000N\000K\000\137\000E\000N\000U\000M}{subsection.4.1.3}% 104
\BOOKMARK [3][-]{subsubsection.4.1.3.8}{\376\377\0004\000.\0001\000.\0003\000.\0008\000\040\000I\000D\000I\000\137\000R\000E\000G\000\137\000E\000N\000U\000M}{subsection.4.1.3}% 105
\BOOKMARK [3][-]{subsubsection.4.1.3.9}{\376\377\0004\000.\0001\000.\0003\000.\0009\000\040\000R\000E\000G\000\137\000D\000I\000R\000\137\000E\000N\000U\000M}{subsection.4.1.3}% 106
\BOOKMARK [3][-]{subsubsection.4.1.3.10}{\376\377\0004\000.\0001\000.\0003\000.\0001\0000\000\040\000S\000P\000I\000\137\000C\000S\000B\000\137\000E\000N\000U\000M}{subsection.4.1.3}% 107
\BOOKMARK [2][-]{subsection.4.1.4}{\376\377\0004\000.\0001\000.\0004\000\040\000F\000u\000n\000c\000t\000i\000o\000n\000\040\000D\000o\000c\000u\000m\000e\000n\000t\000a\000t\000i\000o\000n}{section.4.1}% 108
\BOOKMARK [3][-]{subsubsection.4.1.4.1}{\376\377\0004\000.\0001\000.\0004\000.\0001\000\040\000C\000h\000a\000r\000a\000c\000t\000e\000r\000\137\000G\000e\000t}{subsection.4.1.4}% 109
\BOOKMARK [3][-]{subsubsection.4.1.4.2}{\376\377\0004\000.\0001\000.\0004\000.\0002\000\040\000E\000C\000\137\000C\000o\000d\000e\000\137\000T\000o\000\137\000H\000u\000m\000a\000n\000\137\000R\000e\000a\000d\000a\000b\000l\000e}{subsection.4.1.4}% 110
\BOOKMARK [3][-]{subsubsection.4.1.4.3}{\376\377\0004\000.\0001\000.\0004\000.\0003\000\040\000F\000R\000A\000M\000\137\000\137\000M\000e\000m\000o\000r\000y\000\137\000R\000e\000a\000d}{subsection.4.1.4}% 111
\BOOKMARK [3][-]{subsubsection.4.1.4.4}{\376\377\0004\000.\0001\000.\0004\000.\0004\000\040\000F\000R\000A\000M\000\137\000\137\000M\000e\000m\000o\000r\000y\000\137\000W\000r\000i\000t\000e}{subsection.4.1.4}% 112
\BOOKMARK [3][-]{subsubsection.4.1.4.5}{\376\377\0004\000.\0001\000.\0004\000.\0005\000\040\000F\000R\000A\000M\000\137\000\137\000R\000e\000a\000d\000\137\000I\000D}{subsection.4.1.4}% 113
\BOOKMARK [3][-]{subsubsection.4.1.4.6}{\376\377\0004\000.\0001\000.\0004\000.\0006\000\040\000F\000R\000A\000M\000\137\000\137\000R\000e\000a\000d\000\137\000S\000t\000a\000t\000u\000s\000\137\000R\000e\000g\000i\000s\000t\000e\000r}{subsection.4.1.4}% 114
\BOOKMARK [3][-]{subsubsection.4.1.4.7}{\376\377\0004\000.\0001\000.\0004\000.\0007\000\040\000F\000R\000A\000M\000\137\000\137\000W\000r\000i\000t\000e\000\137\000D\000i\000s\000a\000b\000l\000e}{subsection.4.1.4}% 115
\BOOKMARK [3][-]{subsubsection.4.1.4.8}{\376\377\0004\000.\0001\000.\0004\000.\0008\000\040\000F\000R\000A\000M\000\137\000\137\000W\000r\000i\000t\000e\000\137\000E\000n\000a\000b\000l\000e\000\137\000L\000a\000t\000c\000h\000\137\000S\000e\000t}{subsection.4.1.4}% 116
\BOOKMARK [3][-]{subsubsection.4.1.4.9}{\376\377\0004\000.\0001\000.\0004\000.\0009\000\040\000F\000R\000A\000M\000\137\000\137\000W\000r\000i\000t\000e\000\137\000S\000t\000a\000t\000u\000s\000\137\000R\000e\000g\000i\000s\000t\000e\000r}{subsection.4.1.4}% 117
\BOOKMARK [3][-]{subsubsection.4.1.4.10}{\376\377\0004\000.\0001\000.\0004\000.\0001\0000\000\040\000F\000R\000A\000M\000\137\000F\000i\000l\000e\000\137\000T\000o\000\137\000M\000e\000m\000o\000r\000y}{subsection.4.1.4}% 118
\BOOKMARK [3][-]{subsubsection.4.1.4.11}{\376\377\0004\000.\0001\000.\0004\000.\0001\0001\000\040\000F\000R\000A\000M\000\137\000M\000e\000m\000o\000r\000y\000\137\000T\000o\000\137\000F\000i\000l\000e}{subsection.4.1.4}% 119
\BOOKMARK [3][-]{subsubsection.4.1.4.12}{\376\377\0004\000.\0001\000.\0004\000.\0001\0002\000\040\000F\000R\000A\000M\000\137\000R\000e\000p\000o\000r\000t}{subsection.4.1.4}% 120
\BOOKMARK [3][-]{subsubsection.4.1.4.13}{\376\377\0004\000.\0001\000.\0004\000.\0001\0003\000\040\000F\000R\000A\000M\000\137\000S\000e\000t}{subsection.4.1.4}% 121
\BOOKMARK [3][-]{subsubsection.4.1.4.14}{\376\377\0004\000.\0001\000.\0004\000.\0001\0004\000\040\000H\000e\000x\000\137\000D\000u\000m\000p\000\137\000L\000i\000n\000e}{subsection.4.1.4}% 122
\BOOKMARK [3][-]{subsubsection.4.1.4.15}{\376\377\0004\000.\0001\000.\0004\000.\0001\0005\000\040\000I\000D\000I\000\137\000C\000M\000D\000\137\000\137\000D\000I\000N\000\137\000A\000l\000l}{subsection.4.1.4}% 123
\BOOKMARK [3][-]{subsubsection.4.1.4.16}{\376\377\0004\000.\0001\000.\0004\000.\0001\0006\000\040\000I\000D\000I\000\137\000C\000M\000D\000\137\000\137\000D\000I\000N\000\137\000C\000h\000a\000n\000n\000e\000l}{subsection.4.1.4}% 124
\BOOKMARK [3][-]{subsubsection.4.1.4.17}{\376\377\0004\000.\0001\000.\0004\000.\0001\0007\000\040\000I\000D\000I\000\137\000C\000M\000D\000\137\000\137\000D\000I\000N\000\137\000G\000r\000o\000u\000p}{subsection.4.1.4}% 125
\BOOKMARK [3][-]{subsubsection.4.1.4.18}{\376\377\0004\000.\0001\000.\0004\000.\0001\0008\000\040\000I\000D\000I\000\137\000C\000M\000D\000\137\000\137\000D\000I\000N\000\137\000I\000D}{subsection.4.1.4}% 126
\BOOKMARK [3][-]{subsubsection.4.1.4.19}{\376\377\0004\000.\0001\000.\0004\000.\0001\0009\000\040\000I\000D\000I\000\137\000C\000M\000D\000\137\000\137\000F\000R\000A\000M\000\137\000D\000u\000m\000p}{subsection.4.1.4}% 127
\BOOKMARK [3][-]{subsubsection.4.1.4.20}{\376\377\0004\000.\0001\000.\0004\000.\0002\0000\000\040\000I\000D\000I\000\137\000C\000M\000D\000\137\000\137\000F\000R\000A\000M\000\137\000I\000n\000i\000t}{subsection.4.1.4}% 128
\BOOKMARK [3][-]{subsubsection.4.1.4.21}{\376\377\0004\000.\0001\000.\0004\000.\0002\0001\000\040\000I\000D\000I\000\137\000C\000M\000D\000\137\000\137\000F\000R\000A\000M\000\137\000L\000o\000a\000d}{subsection.4.1.4}% 129
\BOOKMARK [3][-]{subsubsection.4.1.4.22}{\376\377\0004\000.\0001\000.\0004\000.\0002\0002\000\040\000I\000D\000I\000\137\000C\000M\000D\000\137\000\137\000F\000R\000A\000M\000\137\000R\000D\000I\000D}{subsection.4.1.4}% 130
\BOOKMARK [3][-]{subsubsection.4.1.4.23}{\376\377\0004\000.\0001\000.\0004\000.\0002\0003\000\040\000I\000D\000I\000\137\000C\000M\000D\000\137\000\137\000F\000R\000A\000M\000\137\000R\000D\000S\000R}{subsection.4.1.4}% 131
\BOOKMARK [3][-]{subsubsection.4.1.4.24}{\376\377\0004\000.\0001\000.\0004\000.\0002\0004\000\040\000I\000D\000I\000\137\000C\000M\000D\000\137\000\137\000F\000R\000A\000M\000\137\000S\000a\000v\000e}{subsection.4.1.4}% 132
\BOOKMARK [3][-]{subsubsection.4.1.4.25}{\376\377\0004\000.\0001\000.\0004\000.\0002\0005\000\040\000I\000D\000I\000\137\000C\000M\000D\000\137\000\137\000F\000R\000A\000M\000\137\000W\000R\000D\000I}{subsection.4.1.4}% 133
\BOOKMARK [3][-]{subsubsection.4.1.4.26}{\376\377\0004\000.\0001\000.\0004\000.\0002\0006\000\040\000I\000D\000I\000\137\000C\000M\000D\000\137\000\137\000F\000R\000A\000M\000\137\000W\000R\000E\000N}{subsection.4.1.4}% 134
\BOOKMARK [3][-]{subsubsection.4.1.4.27}{\376\377\0004\000.\0001\000.\0004\000.\0002\0007\000\040\000I\000D\000I\000\137\000C\000M\000D\000\137\000\137\000F\000R\000A\000M\000\137\000W\000R\000S\000R}{subsection.4.1.4}% 135
\BOOKMARK [3][-]{subsubsection.4.1.4.28}{\376\377\0004\000.\0001\000.\0004\000.\0002\0008\000\040\000I\000D\000I\000\137\000C\000M\000D\000\137\000\137\000M\000a\000i\000n\000\137\000B\000a\000s\000e}{subsection.4.1.4}% 136
\BOOKMARK [3][-]{subsubsection.4.1.4.29}{\376\377\0004\000.\0001\000.\0004\000.\0002\0009\000\040\000I\000D\000I\000\137\000C\000M\000D\000\137\000\137\000M\000a\000i\000n\000\137\000I\000O\000\137\000B\000e\000h\000a\000v\000i\000o\000r}{subsection.4.1.4}% 137
\BOOKMARK [3][-]{subsubsection.4.1.4.30}{\376\377\0004\000.\0001\000.\0004\000.\0003\0000\000\040\000I\000D\000I\000\137\000C\000M\000D\000\137\000\137\000S\000P\000I\000\137\000C\000o\000m\000m\000i\000t}{subsection.4.1.4}% 138
\BOOKMARK [3][-]{subsubsection.4.1.4.31}{\376\377\0004\000.\0001\000.\0004\000.\0003\0001\000\040\000I\000D\000I\000\137\000C\000M\000D\000\137\000\137\000S\000P\000I\000\137\000C\000o\000n\000f\000i\000g\000\137\000C\000h\000i\000p\000\137\000S\000e\000l\000e\000c\000t\000\137\000B\000e\000h\000a\000v\000i\000o\000r}{subsection.4.1.4}% 139
\BOOKMARK [3][-]{subsubsection.4.1.4.32}{\376\377\0004\000.\0001\000.\0004\000.\0003\0002\000\040\000I\000D\000I\000\137\000C\000M\000D\000\137\000\137\000S\000P\000I\000\137\000C\000o\000n\000f\000i\000g\000\137\000C\000l\000o\000c\000k\000\137\000H\000z}{subsection.4.1.4}% 140
\BOOKMARK [3][-]{subsubsection.4.1.4.33}{\376\377\0004\000.\0001\000.\0004\000.\0003\0003\000\040\000I\000D\000I\000\137\000C\000M\000D\000\137\000\137\000S\000P\000I\000\137\000C\000o\000n\000f\000i\000g\000\137\000E\000n\000d\000\137\000C\000y\000c\000l\000e\000\137\000D\000e\000l\000a\000y\000\137\000S\000e\000c}{subsection.4.1.4}% 141
\BOOKMARK [3][-]{subsubsection.4.1.4.34}{\376\377\0004\000.\0001\000.\0004\000.\0003\0004\000\040\000I\000D\000I\000\137\000C\000M\000D\000\137\000\137\000S\000P\000I\000\137\000C\000o\000n\000f\000i\000g\000\137\000G\000e\000t}{subsection.4.1.4}% 142
\BOOKMARK [3][-]{subsubsection.4.1.4.35}{\376\377\0004\000.\0001\000.\0004\000.\0003\0005\000\040\000I\000D\000I\000\137\000C\000M\000D\000\137\000\137\000S\000P\000I\000\137\000C\000o\000n\000f\000i\000g\000\137\000M\000o\000d\000e}{subsection.4.1.4}% 143
\BOOKMARK [3][-]{subsubsection.4.1.4.36}{\376\377\0004\000.\0001\000.\0004\000.\0003\0006\000\040\000I\000D\000I\000\137\000C\000M\000D\000\137\000\137\000S\000P\000I\000\137\000C\000o\000n\000f\000i\000g\000\137\000S\000D\000I\000\137\000P\000o\000l\000a\000r\000i\000t\000y}{subsection.4.1.4}% 144
\BOOKMARK [3][-]{subsubsection.4.1.4.37}{\376\377\0004\000.\0001\000.\0004\000.\0003\0007\000\040\000I\000D\000I\000\137\000C\000M\000D\000\137\000\137\000S\000P\000I\000\137\000C\000o\000n\000f\000i\000g\000\137\000S\000D\000I\000O\000\137\000W\000r\000a\000p}{subsection.4.1.4}% 145
\BOOKMARK [3][-]{subsubsection.4.1.4.38}{\376\377\0004\000.\0001\000.\0004\000.\0003\0008\000\040\000I\000D\000I\000\137\000C\000M\000D\000\137\000\137\000S\000P\000I\000\137\000C\000o\000n\000f\000i\000g\000\137\000S\000D\000O\000\137\000P\000o\000l\000a\000r\000i\000t\000y}{subsection.4.1.4}% 146
\BOOKMARK [3][-]{subsubsection.4.1.4.39}{\376\377\0004\000.\0001\000.\0004\000.\0003\0009\000\040\000I\000D\000I\000\137\000C\000M\000D\000\137\000\137\000S\000P\000I\000\137\000D\000a\000t\000a}{subsection.4.1.4}% 147
\BOOKMARK [3][-]{subsubsection.4.1.4.40}{\376\377\0004\000.\0001\000.\0004\000.\0004\0000\000\040\000I\000D\000I\000\137\000C\000M\000D\000\137\000\137\000S\000P\000I\000\137\000F\000I\000F\000O}{subsection.4.1.4}% 148
\BOOKMARK [3][-]{subsubsection.4.1.4.41}{\376\377\0004\000.\0001\000.\0004\000.\0004\0001\000\040\000I\000D\000I\000\137\000C\000M\000D\000\137\000\137\000S\000P\000I\000\137\000I\000D}{subsection.4.1.4}% 149
\BOOKMARK [3][-]{subsubsection.4.1.4.42}{\376\377\0004\000.\0001\000.\0004\000.\0004\0002\000\040\000I\000D\000I\000\137\000C\000M\000D\000\137\000\137\000S\000P\000I\000\137\000S\000t\000a\000t\000u\000s}{subsection.4.1.4}% 150
\BOOKMARK [3][-]{subsubsection.4.1.4.43}{\376\377\0004\000.\0001\000.\0004\000.\0004\0003\000\040\000I\000D\000I\000\137\000C\000o\000m\000m\000a\000n\000d\000\137\000L\000i\000n\000e\000\137\000D\000i\000g\000i\000t\000a\000l\000\137\000I\000n\000p\000u\000t}{subsection.4.1.4}% 151
\BOOKMARK [3][-]{subsubsection.4.1.4.44}{\376\377\0004\000.\0001\000.\0004\000.\0004\0004\000\040\000I\000D\000I\000\137\000C\000o\000m\000m\000a\000n\000d\000\137\000L\000i\000n\000e\000\137\000F\000R\000A\000M}{subsection.4.1.4}% 152
\BOOKMARK [3][-]{subsubsection.4.1.4.45}{\376\377\0004\000.\0001\000.\0004\000.\0004\0005\000\040\000I\000D\000I\000\137\000C\000o\000m\000m\000a\000n\000d\000\137\000L\000i\000n\000e\000\137\000M\000a\000i\000n}{subsection.4.1.4}% 153
\BOOKMARK [3][-]{subsubsection.4.1.4.46}{\376\377\0004\000.\0001\000.\0004\000.\0004\0006\000\040\000I\000D\000I\000\137\000C\000o\000m\000m\000a\000n\000d\000\137\000L\000i\000n\000e\000\137\000R\000e\000g\000i\000s\000t\000e\000r\000\137\000T\000r\000a\000n\000s\000a\000c\000t\000i\000o\000n}{subsection.4.1.4}% 154
\BOOKMARK [3][-]{subsubsection.4.1.4.47}{\376\377\0004\000.\0001\000.\0004\000.\0004\0007\000\040\000I\000D\000I\000\137\000C\000o\000m\000m\000a\000n\000d\000\137\000L\000i\000n\000e\000\137\000S\000e\000t}{subsection.4.1.4}% 155
\BOOKMARK [3][-]{subsubsection.4.1.4.48}{\376\377\0004\000.\0001\000.\0004\000.\0004\0008\000\040\000I\000D\000I\000\137\000C\000o\000m\000m\000a\000n\000d\000\137\000L\000i\000n\000e\000\137\000S\000P\000I}{subsection.4.1.4}% 156
\BOOKMARK [3][-]{subsubsection.4.1.4.49}{\376\377\0004\000.\0001\000.\0004\000.\0004\0009\000\040\000I\000D\000I\000\137\000D\000I\000N\000\137\000C\000h\000a\000n\000n\000e\000l\000\137\000G\000e\000t}{subsection.4.1.4}% 157
\BOOKMARK [3][-]{subsubsection.4.1.4.50}{\376\377\0004\000.\0001\000.\0004\000.\0005\0000\000\040\000I\000D\000I\000\137\000D\000I\000N\000\137\000G\000r\000o\000u\000p\000\137\000G\000e\000t}{subsection.4.1.4}% 158
\BOOKMARK [3][-]{subsubsection.4.1.4.51}{\376\377\0004\000.\0001\000.\0004\000.\0005\0001\000\040\000I\000D\000I\000\137\000D\000I\000N\000\137\000I\000D\000\137\000G\000e\000t}{subsection.4.1.4}% 159
\BOOKMARK [3][-]{subsubsection.4.1.4.52}{\376\377\0004\000.\0001\000.\0004\000.\0005\0002\000\040\000I\000D\000I\000\137\000D\000I\000N\000\137\000I\000s\000N\000o\000t\000P\000r\000e\000s\000e\000n\000t}{subsection.4.1.4}% 160
\BOOKMARK [3][-]{subsubsection.4.1.4.53}{\376\377\0004\000.\0001\000.\0004\000.\0005\0003\000\040\000I\000D\000I\000\137\000H\000e\000l\000p}{subsection.4.1.4}% 161
\BOOKMARK [3][-]{subsubsection.4.1.4.54}{\376\377\0004\000.\0001\000.\0004\000.\0005\0004\000\040\000I\000D\000I\000\137\000I\000n\000i\000t\000i\000a\000l\000i\000z\000a\000t\000i\000o\000n}{subsection.4.1.4}% 162
\BOOKMARK [3][-]{subsubsection.4.1.4.55}{\376\377\0004\000.\0001\000.\0004\000.\0005\0005\000\040\000I\000D\000I\000\137\000R\000e\000g\000i\000s\000t\000e\000r\000\137\000R\000e\000p\000o\000r\000t\000\137\000C\000S\000V}{subsection.4.1.4}% 163
\BOOKMARK [3][-]{subsubsection.4.1.4.56}{\376\377\0004\000.\0001\000.\0004\000.\0005\0006\000\040\000I\000D\000I\000\137\000S\000y\000m\000b\000o\000l\000\137\000N\000a\000m\000e\000\137\000B\000a\000n\000k}{subsection.4.1.4}% 164
\BOOKMARK [3][-]{subsubsection.4.1.4.57}{\376\377\0004\000.\0001\000.\0004\000.\0005\0007\000\040\000I\000D\000I\000\137\000T\000e\000r\000m\000i\000n\000a\000t\000i\000o\000n}{subsection.4.1.4}% 165
\BOOKMARK [3][-]{subsubsection.4.1.4.58}{\376\377\0004\000.\0001\000.\0004\000.\0005\0008\000\040\000I\000O\000\137\000D\000i\000r\000e\000c\000t\000i\000o\000n\000\137\000I\000s\000N\000o\000t\000V\000a\000l\000i\000d}{subsection.4.1.4}% 166
\BOOKMARK [3][-]{subsubsection.4.1.4.59}{\376\377\0004\000.\0001\000.\0004\000.\0005\0009\000\040\000I\000O\000\137\000G\000e\000t\000\137\000S\000y\000m\000b\000o\000l\000\137\000N\000a\000m\000e}{subsection.4.1.4}% 167
\BOOKMARK [3][-]{subsubsection.4.1.4.60}{\376\377\0004\000.\0001\000.\0004\000.\0006\0000\000\040\000I\000O\000\137\000R\000e\000a\000d\000\137\000U\0001\0006\000\137\000A\000d\000d\000r\000e\000s\000s\000\137\000F\000i\000x\000e\000d}{subsection.4.1.4}% 168
\BOOKMARK [3][-]{subsubsection.4.1.4.61}{\376\377\0004\000.\0001\000.\0004\000.\0006\0001\000\040\000I\000O\000\137\000R\000e\000a\000d\000\137\000U\0001\0006\000\137\000A\000d\000d\000r\000e\000s\000s\000\137\000I\000n\000c\000r\000e\000m\000e\000n\000t}{subsection.4.1.4}% 169
\BOOKMARK [3][-]{subsubsection.4.1.4.62}{\376\377\0004\000.\0001\000.\0004\000.\0006\0002\000\040\000I\000O\000\137\000R\000e\000a\000d\000\137\000U\0008}{subsection.4.1.4}% 170
\BOOKMARK [3][-]{subsubsection.4.1.4.63}{\376\377\0004\000.\0001\000.\0004\000.\0006\0003\000\040\000I\000O\000\137\000W\000r\000i\000t\000e\000\137\000U\0001\0006\000\137\000A\000d\000d\000r\000e\000s\000s\000\137\000F\000i\000x\000e\000d}{subsection.4.1.4}% 171
\BOOKMARK [3][-]{subsubsection.4.1.4.64}{\376\377\0004\000.\0001\000.\0004\000.\0006\0004\000\040\000I\000O\000\137\000W\000r\000i\000t\000e\000\137\000U\0001\0006\000\137\000A\000d\000d\000r\000e\000s\000s\000\137\000I\000n\000c\000r\000e\000m\000e\000n\000t}{subsection.4.1.4}% 172
\BOOKMARK [3][-]{subsubsection.4.1.4.65}{\376\377\0004\000.\0001\000.\0004\000.\0006\0005\000\040\000I\000O\000\137\000W\000r\000i\000t\000e\000\137\000U\0008}{subsection.4.1.4}% 173
\BOOKMARK [3][-]{subsubsection.4.1.4.66}{\376\377\0004\000.\0001\000.\0004\000.\0006\0006\000\040\000m\000a\000i\000n}{subsection.4.1.4}% 174
\BOOKMARK [3][-]{subsubsection.4.1.4.67}{\376\377\0004\000.\0001\000.\0004\000.\0006\0007\000\040\000S\000P\000I\000\137\000C\000a\000l\000c\000u\000l\000a\000t\000e\000\137\000C\000l\000o\000c\000k}{subsection.4.1.4}% 175
\BOOKMARK [3][-]{subsubsection.4.1.4.68}{\376\377\0004\000.\0001\000.\0004\000.\0006\0008\000\040\000S\000P\000I\000\137\000C\000a\000l\000c\000u\000l\000a\000t\000e\000\137\000E\000n\000d\000\137\000C\000y\000c\000l\000e\000\137\000D\000e\000l\000a\000y}{subsection.4.1.4}% 176
\BOOKMARK [3][-]{subsubsection.4.1.4.69}{\376\377\0004\000.\0001\000.\0004\000.\0006\0009\000\040\000S\000P\000I\000\137\000C\000a\000l\000c\000u\000l\000a\000t\000e\000\137\000H\000a\000l\000f\000\137\000C\000l\000o\000c\000k}{subsection.4.1.4}% 177
\BOOKMARK [3][-]{subsubsection.4.1.4.70}{\376\377\0004\000.\0001\000.\0004\000.\0007\0000\000\040\000S\000P\000I\000\137\000C\000a\000l\000c\000u\000l\000a\000t\000e\000\137\000H\000a\000l\000f\000\137\000C\000l\000o\000c\000k\000\137\000I\000n\000t\000e\000r\000v\000a\000l\000\137\000S\000e\000c}{subsection.4.1.4}% 178
\BOOKMARK [3][-]{subsubsection.4.1.4.71}{\376\377\0004\000.\0001\000.\0004\000.\0007\0001\000\040\000S\000P\000I\000\137\000C\000o\000m\000m\000i\000t}{subsection.4.1.4}% 179
\BOOKMARK [3][-]{subsubsection.4.1.4.72}{\376\377\0004\000.\0001\000.\0004\000.\0007\0002\000\040\000S\000P\000I\000\137\000C\000o\000n\000f\000i\000g\000u\000r\000a\000t\000i\000o\000n\000\137\000C\000h\000i\000p\000\137\000S\000e\000l\000e\000c\000t\000\137\000B\000e\000h\000a\000v\000i\000o\000r\000\137\000G\000e\000t}{subsection.4.1.4}% 180
\BOOKMARK [3][-]{subsubsection.4.1.4.73}{\376\377\0004\000.\0001\000.\0004\000.\0007\0003\000\040\000S\000P\000I\000\137\000C\000o\000n\000f\000i\000g\000u\000r\000a\000t\000i\000o\000n\000\137\000C\000h\000i\000p\000\137\000S\000e\000l\000e\000c\000t\000\137\000B\000e\000h\000a\000v\000i\000o\000r\000\137\000S\000e\000t}{subsection.4.1.4}% 181
\BOOKMARK [3][-]{subsubsection.4.1.4.74}{\376\377\0004\000.\0001\000.\0004\000.\0007\0004\000\040\000S\000P\000I\000\137\000C\000o\000n\000f\000i\000g\000u\000r\000a\000t\000i\000o\000n\000\137\000G\000e\000t}{subsection.4.1.4}% 182
\BOOKMARK [3][-]{subsubsection.4.1.4.75}{\376\377\0004\000.\0001\000.\0004\000.\0007\0005\000\040\000S\000P\000I\000\137\000C\000o\000n\000f\000i\000g\000u\000r\000a\000t\000i\000o\000n\000\137\000I\000n\000i\000t\000i\000a\000l\000i\000z\000e}{subsection.4.1.4}% 183
\BOOKMARK [3][-]{subsubsection.4.1.4.76}{\376\377\0004\000.\0001\000.\0004\000.\0007\0006\000\040\000S\000P\000I\000\137\000C\000o\000n\000f\000i\000g\000u\000r\000a\000t\000i\000o\000n\000\137\000S\000e\000t}{subsection.4.1.4}% 184
\BOOKMARK [3][-]{subsubsection.4.1.4.77}{\376\377\0004\000.\0001\000.\0004\000.\0007\0007\000\040\000S\000P\000I\000\137\000D\000a\000t\000a\000\137\000R\000e\000a\000d}{subsection.4.1.4}% 185
\BOOKMARK [3][-]{subsubsection.4.1.4.78}{\376\377\0004\000.\0001\000.\0004\000.\0007\0008\000\040\000S\000P\000I\000\137\000D\000a\000t\000a\000\137\000W\000r\000i\000t\000e}{subsection.4.1.4}% 186
\BOOKMARK [3][-]{subsubsection.4.1.4.79}{\376\377\0004\000.\0001\000.\0004\000.\0007\0009\000\040\000S\000P\000I\000\137\000D\000a\000t\000a\000\137\000W\000r\000i\000t\000e\000\137\000R\000e\000a\000d}{subsection.4.1.4}% 187
\BOOKMARK [3][-]{subsubsection.4.1.4.80}{\376\377\0004\000.\0001\000.\0004\000.\0008\0000\000\040\000S\000P\000I\000\137\000D\000a\000t\000a\000\137\000W\000r\000i\000t\000e\000\137\000R\000e\000a\000d\000\137\000H\000e\000l\000p\000e\000r}{subsection.4.1.4}% 188
\BOOKMARK [3][-]{subsubsection.4.1.4.81}{\376\377\0004\000.\0001\000.\0004\000.\0008\0001\000\040\000S\000P\000I\000\137\000F\000I\000F\000O\000\137\000R\000e\000a\000d}{subsection.4.1.4}% 189
\BOOKMARK [3][-]{subsubsection.4.1.4.82}{\376\377\0004\000.\0001\000.\0004\000.\0008\0002\000\040\000S\000P\000I\000\137\000F\000I\000F\000O\000\137\000W\000r\000i\000t\000e}{subsection.4.1.4}% 190
\BOOKMARK [3][-]{subsubsection.4.1.4.83}{\376\377\0004\000.\0001\000.\0004\000.\0008\0003\000\040\000S\000P\000I\000\137\000I\000D\000\137\000G\000e\000t}{subsection.4.1.4}% 191
\BOOKMARK [3][-]{subsubsection.4.1.4.84}{\376\377\0004\000.\0001\000.\0004\000.\0008\0004\000\040\000S\000P\000I\000\137\000I\000s\000N\000o\000t\000P\000r\000e\000s\000e\000n\000t}{subsection.4.1.4}% 192
\BOOKMARK [3][-]{subsubsection.4.1.4.85}{\376\377\0004\000.\0001\000.\0004\000.\0008\0005\000\040\000S\000P\000I\000\137\000R\000e\000p\000o\000r\000t\000\137\000C\000o\000n\000f\000i\000g\000u\000r\000a\000t\000i\000o\000n\000\137\000T\000e\000x\000t}{subsection.4.1.4}% 193
\BOOKMARK [3][-]{subsubsection.4.1.4.86}{\376\377\0004\000.\0001\000.\0004\000.\0008\0006\000\040\000S\000P\000I\000\137\000R\000e\000p\000o\000r\000t\000\137\000S\000t\000a\000t\000u\000s\000\137\000T\000e\000x\000t}{subsection.4.1.4}% 194
\BOOKMARK [3][-]{subsubsection.4.1.4.87}{\376\377\0004\000.\0001\000.\0004\000.\0008\0007\000\040\000S\000P\000I\000\137\000S\000t\000a\000t\000u\000s\000\137\000R\000e\000a\000d}{subsection.4.1.4}% 195
\BOOKMARK [3][-]{subsubsection.4.1.4.88}{\376\377\0004\000.\0001\000.\0004\000.\0008\0008\000\040\000S\000P\000I\000\137\000S\000t\000a\000t\000u\000s\000\137\000R\000e\000a\000d\000\137\000F\000I\000F\000O\000\137\000I\000s\000\137\000N\000o\000t\000\137\000E\000m\000p\000t\000y}{subsection.4.1.4}% 196
\BOOKMARK [3][-]{subsubsection.4.1.4.89}{\376\377\0004\000.\0001\000.\0004\000.\0008\0009\000\040\000S\000P\000I\000\137\000S\000t\000a\000t\000u\000s\000\137\000R\000e\000a\000d\000\137\000F\000I\000F\000O\000\137\000S\000t\000a\000t\000u\000s}{subsection.4.1.4}% 197
\BOOKMARK [3][-]{subsubsection.4.1.4.90}{\376\377\0004\000.\0001\000.\0004\000.\0009\0000\000\040\000S\000P\000I\000\137\000S\000t\000a\000t\000u\000s\000\137\000W\000r\000i\000t\000e}{subsection.4.1.4}% 198
\BOOKMARK [3][-]{subsubsection.4.1.4.91}{\376\377\0004\000.\0001\000.\0004\000.\0009\0001\000\040\000S\000P\000I\000\137\000S\000t\000a\000t\000u\000s\000\137\000W\000r\000i\000t\000e\000\137\000F\000I\000F\000O\000\137\000I\000s\000\137\000F\000u\000l\000l}{subsection.4.1.4}% 199
\BOOKMARK [3][-]{subsubsection.4.1.4.92}{\376\377\0004\000.\0001\000.\0004\000.\0009\0002\000\040\000S\000P\000I\000\137\000S\000t\000a\000t\000u\000s\000\137\000W\000r\000i\000t\000e\000\137\000F\000I\000F\000O\000\137\000I\000s\000\137\000N\000o\000t\000\137\000E\000m\000p\000t\000y}{subsection.4.1.4}% 200
\BOOKMARK [3][-]{subsubsection.4.1.4.93}{\376\377\0004\000.\0001\000.\0004\000.\0009\0003\000\040\000S\000P\000I\000\137\000S\000t\000a\000t\000u\000s\000\137\000W\000r\000i\000t\000e\000\137\000F\000I\000F\000O\000\137\000S\000t\000a\000t\000u\000s}{subsection.4.1.4}% 201
\BOOKMARK [3][-]{subsubsection.4.1.4.94}{\376\377\0004\000.\0001\000.\0004\000.\0009\0004\000\040\000S\000t\000r\000i\000n\000g\000\137\000T\000o\000\137\000B\000o\000o\000l}{subsection.4.1.4}% 202
\BOOKMARK [2][-]{subsection.4.1.5}{\376\377\0004\000.\0001\000.\0005\000\040\000V\000a\000r\000i\000a\000b\000l\000e\000\040\000D\000o\000c\000u\000m\000e\000n\000t\000a\000t\000i\000o\000n}{section.4.1}% 203
\BOOKMARK [3][-]{subsubsection.4.1.5.1}{\376\377\0004\000.\0001\000.\0005\000.\0001\000\040\000d\000e\000f\000i\000n\000i\000t\000i\000o\000n\000s}{subsection.4.1.5}% 204
\BOOKMARK [3][-]{subsubsection.4.1.5.2}{\376\377\0004\000.\0001\000.\0005\000.\0002\000\040\000e\000c\000\137\000h\000u\000m\000a\000n\000\137\000r\000e\000a\000d\000a\000b\000l\000e}{subsection.4.1.5}% 205
\BOOKMARK [3][-]{subsubsection.4.1.5.3}{\376\377\0004\000.\0001\000.\0005\000.\0003\000\040\000e\000c\000\137\000u\000n\000k\000n\000o\000w\000n}{subsection.4.1.5}% 206
\BOOKMARK [3][-]{subsubsection.4.1.5.4}{\376\377\0004\000.\0001\000.\0005\000.\0004\000\040\000i\000d\000i\000\137\000b\000a\000n\000k\000\137\000s\000y\000m\000b\000o\000l\000\137\000n\000a\000m\000e\000s}{subsection.4.1.5}% 207
\BOOKMARK [3][-]{subsubsection.4.1.5.5}{\376\377\0004\000.\0001\000.\0005\000.\0005\000\040\000i\000d\000i\000\137\000c\000m\000d\000\137\000d\000i\000n}{subsection.4.1.5}% 208
\BOOKMARK [3][-]{subsubsection.4.1.5.6}{\376\377\0004\000.\0001\000.\0005\000.\0006\000\040\000i\000d\000i\000\137\000c\000m\000d\000\137\000f\000r\000a\000m}{subsection.4.1.5}% 209
\BOOKMARK [3][-]{subsubsection.4.1.5.7}{\376\377\0004\000.\0001\000.\0005\000.\0007\000\040\000i\000d\000i\000\137\000c\000m\000d\000\137\000m\000a\000i\000n}{subsection.4.1.5}% 210
\BOOKMARK [3][-]{subsubsection.4.1.5.8}{\376\377\0004\000.\0001\000.\0005\000.\0008\000\040\000i\000d\000i\000\137\000c\000m\000d\000\137\000s\000p\000i}{subsection.4.1.5}% 211
\BOOKMARK [3][-]{subsubsection.4.1.5.9}{\376\377\0004\000.\0001\000.\0005\000.\0009\000\040\000i\000d\000i\000\137\000d\000a\000t\000a\000s\000e\000t}{subsection.4.1.5}% 212
\BOOKMARK [3][-]{subsubsection.4.1.5.10}{\376\377\0004\000.\0001\000.\0005\000.\0001\0000\000\040\000i\000d\000i\000\137\000s\000v\000n\000\137\000r\000e\000v\000i\000s\000i\000o\000n\000\137\000s\000t\000r\000i\000n\000g}{subsection.4.1.5}% 213
