11:25:38 **** Incremental Build of configuration Debug for project command ****
make all 
Building file: ../src/parser/parser.c
Invoking: Cross GCC Compiler
gcc -O0 -g3 -Wall -c -fmessage-length=0 -MMD -MP -MF"src/parser/parser.d" -MT"src/parser/parser.d" -o "src/parser/parser.o" "../src/parser/parser.c"
Finished building: ../src/parser/parser.c
 
Building file: ../src/cmd_ndir_emitter.c
Invoking: Cross GCC Compiler
gcc -O0 -g3 -Wall -c -fmessage-length=0 -MMD -MP -MF"src/cmd_ndir_emitter.d" -MT"src/cmd_ndir_emitter.d" -o "src/cmd_ndir_emitter.o" "../src/cmd_ndir_emitter.c"
../src/cmd_ndir_emitter.c:131:26: warning: 'ak_980071_enum_name' defined but not used [-Wunused-variable]
 static struct enum_name  ak_980071_enum_name[] =
                          ^
Finished building: ../src/cmd_ndir_emitter.c
 
Building file: ../src/filter_cmd.c
Invoking: Cross GCC Compiler
gcc -O0 -g3 -Wall -c -fmessage-length=0 -MMD -MP -MF"src/filter_cmd.d" -MT"src/filter_cmd.d" -o "src/filter_cmd.o" "../src/filter_cmd.c"
Finished building: ../src/filter_cmd.c
 
Building target: command
Invoking: Cross GCC Linker
gcc -Wl,-Map="E:/aes_eclipse/command/Debug/command.map" -o "command"  ./src/parser/parser.o  ./src/cmd_ndir_emitter.o ./src/filter_cmd.o ./src/history_cmd.o ./src/shell.o ./src/str_safe.o ./src/test.o   
Finished building target: command
 

11:25:40 Build Finished (took 1s.336ms)

