14:57:26 **** Incremental Build of configuration _Out_Debug for project demo_multiple_boards ****
make all 
Building file: ../demo_multiple_boards.c
Invoking: GCC C Compiler
gcc -D_DEBUG=1 -O0 -g3 -Wall -c -fmessage-length=0 -MMD -MP -MF"demo_multiple_boards.d" -MT"demo_multiple_boards.d" -o "demo_multiple_boards.o" "../demo_multiple_boards.c"
In file included from ../../aul_tree/aul/../shared/status.h:37:0,
                 from ../../aul_tree/aul/aul_public.h:31,
                 from ../demo_multiple_boards.c:45:
../../aul_tree/aul/../shared/../shared/compiler.h:83:11: note: #pragma message: aul_tree: compiler.h __linux__ application layer
 #  pragma message ( "aul_tree: compiler.h __linux__ application layer" )
           ^
In file included from ../../aul_tree/aul/../components/../components/i8254/cmp_i8254.h:39:0,
                 from ../../aul_tree/aul/../components/cmp_avail_module.h:42,
                 from ../../aul_tree/aul/aul_public.h:42,
                 from ../demo_multiple_boards.c:45:
../../aul_tree/aul/../components/../components/i8254/../../shared/callconv.h:75:10: note: #pragma message: WARNING: Unknown compilation condition
  #pragma message ( "WARNING: Unknown compilation condition" )
          ^
Finished building: ../demo_multiple_boards.c
 
Building target: demo_multiple_boards
Invoking: GCC C Linker
gcc -L"../../aul_tree/_Out_Library_Static_Application_Debug" -o "demo_multiple_boards"  ./demo_multiple_boards.o   -lauldebug
/usr/lib/gcc/x86_64-pc-cygwin/4.8.3/../../../../x86_64-pc-cygwin/bin/ld: cannot find -lauldebug
collect2: error: ld returned 1 exit status
make: *** [demo_multiple_boards] Error 1
makefile:29: recipe for target 'demo_multiple_boards' failed

14:57:27 Build Finished (took 470ms)

