15:02:29 **** Build of configuration _Out_Debug for project demo_basic ****
make all 
Building file: ../demo_basic.c
Invoking: GCC C Compiler
gcc -D_DEBUG=1 -O0 -g3 -Wall -c -fmessage-length=0 -MMD -MP -MF"demo_basic.d" -MT"demo_basic.d" -o "demo_basic.o" "../demo_basic.c"
In file included from ../../aul_tree/aul/../shared/status.h:37:0,
                 from ../../aul_tree/aul/aul_public.h:31,
                 from ../demo_basic.c:52:
../../aul_tree/aul/../shared/../shared/compiler.h:83:11: note: #pragma message: aul_tree: compiler.h __linux__ application layer
 #  pragma message ( "aul_tree: compiler.h __linux__ application layer" )
           ^
In file included from ../../aul_tree/aul/aul_public.h:35:0,
                 from ../demo_basic.c:52:
../../aul_tree/aul/../shared/debug.h:49:10: note: #pragma message: aul_tree: debug.c COMPILER_APPLICATION
 # pragma message  ( "aul_tree: debug.c COMPILER_APPLICATION" )
          ^
Finished building: ../demo_basic.c
 
Building target: demo_basic
Invoking: GCC C Linker
gcc -L../../aul_tree/_Out_Library_Static_Application_Debug -o "demo_basic"  ./demo_basic.o   -lauldebug
Finished building target: demo_basic
 
